#
# There is insufficient memory for the Java Runtime Environment to continue.
# Native memory allocation (malloc) failed to allocate 1913776 bytes. Error detail: Chunk::new
# Possible reasons:
#   The system is out of physical RAM or swap space
#   This process is running with CompressedOops enabled, and the Java Heap may be blocking the growth of the native heap
# Possible solutions:
#   Reduce memory load on the system
#   Increase physical memory or swap space
#   Check if swap backing store is full
#   Decrease Java heap size (-Xmx/-Xms)
#   Decrease number of Java threads
#   Decrease Java thread stack sizes (-Xss)
#   Set larger code cache with -XX:ReservedCodeCacheSize=
#   JVM is running with Unscaled Compressed Oops mode in which the Java heap is
#     placed in the first 4GB address space. The Java Heap base address is the
#     maximum limit for the native heap growth. Please use -XX:HeapBaseMinAddress
#     to set the Java Heap base and to place the Java Heap above 4GB virtual address.
# This output file may be truncated or incomplete.
#
#  Out of Memory Error (arena.cpp:168), pid=20116, tid=35876
#
# JRE version: OpenJDK Runtime Environment Temurin-21.0.6+7 (21.0.6+7) (build 21.0.6+7-LTS)
# Java VM: OpenJDK 64-Bit Server VM Temurin-21.0.6+7 (21.0.6+7-LTS, mixed mode, sharing, tiered, compressed oops, compressed class ptrs, parallel gc, windows-amd64)
# No core dump will be written. Minidumps are not enabled by default on client versions of Windows
#

---------------  S U M M A R Y ------------

Command Line: --add-modules=ALL-SYSTEM --add-opens=java.base/java.util=ALL-UNNAMED --add-opens=java.base/java.lang=ALL-UNNAMED --add-opens=java.base/sun.nio.fs=ALL-UNNAMED -Declipse.application=org.eclipse.jdt.ls.core.id1 -Dosgi.bundles.defaultStartLevel=4 -Declipse.product=org.eclipse.jdt.ls.core.product -Djava.import.generatesMetadataFilesAtProjectRoot=false -DDetectVMInstallationsJob.disabled=true -Dfile.encoding=utf8 -XX:+UseParallelGC -XX:GCTimeRatio=4 -XX:AdaptiveSizePolicyWeight=90 -Dsun.zip.disableMemoryMapping=true -Xmx1G -Xms100m -Xlog:disable -javaagent:c:\Users\Subhava Ojha\.vscode\extensions\redhat.java-1.40.0-win32-x64\lombok\lombok-1.18.36.jar -XX:+HeapDumpOnOutOfMemoryError -XX:HeapDumpPath=c:\Users\Subhava Ojha\AppData\Roaming\Code\User\workspaceStorage\3e79f674797deebcb5f66463768f23eb\redhat.java -Daether.dependencyCollector.impl=bf c:\Users\Subhava Ojha\.vscode\extensions\redhat.java-1.40.0-win32-x64\server\plugins\org.eclipse.equinox.launcher_1.6.1000.v20250131-0606.jar -configuration c:\Users\Subhava Ojha\AppData\Roaming\Code\User\globalStorage\redhat.java\1.40.0\config_win -data c:\Users\Subhava Ojha\AppData\Roaming\Code\User\workspaceStorage\3e79f674797deebcb5f66463768f23eb\redhat.java\jdt_ws --pipe=\\.\pipe\lsp-27c25c3b5416035db573ac422130a011-sock

Host: AMD Ryzen 5 5600H with Radeon Graphics         , 12 cores, 15G,  Windows 11 , 64 bit Build 26100 (10.0.26100.3037)
Time: Sat Mar  1 16:23:36 2025 India Standard Time elapsed time: 4.389377 seconds (0d 0h 0m 4s)

---------------  T H R E A D  ---------------

Current thread (0x00000281e9485fa0):  JavaThread "C2 CompilerThread0" daemon [_thread_in_native, id=35876, stack(0x000000d2f9200000,0x000000d2f9300000) (1024K)]


Current CompileTask:
C2:4389 4897   !   4       org.eclipse.osgi.internal.loader.BundleLoader::findClass0 (491 bytes)

Stack: [0x000000d2f9200000,0x000000d2f9300000]
Native frames: (J=compiled Java code, j=interpreted, Vv=VM code, C=native code)
V  [jvm.dll+0x6cdee9]
V  [jvm.dll+0x8a83d1]
V  [jvm.dll+0x8aa8fe]
V  [jvm.dll+0x8aafe3]
V  [jvm.dll+0x27f706]
V  [jvm.dll+0xc500d]
V  [jvm.dll+0xc5543]
V  [jvm.dll+0x3b6752]
V  [jvm.dll+0x382935]
V  [jvm.dll+0x381d9a]
V  [jvm.dll+0x2479f0]
V  [jvm.dll+0x246fcf]
V  [jvm.dll+0x1c75ee]
V  [jvm.dll+0x25685a]
V  [jvm.dll+0x254dfa]
V  [jvm.dll+0x3f0256]
V  [jvm.dll+0x851f8b]
V  [jvm.dll+0x6cc5ed]
C  [ucrtbase.dll+0x37b0]
C  [KERNEL32.DLL+0x2e8d7]
C  [ntdll.dll+0xbbf2c]


---------------  P R O C E S S  ---------------

Threads class SMR info:
_java_thread_list=0x00000281e97ff8f0, length=44, elements={
0x0000028192bfa970, 0x00000281a6fee220, 0x0000028192ca1100, 0x0000028192ca6400,
0x0000028192ca8f60, 0x0000028192cac0f0, 0x0000028192cb1150, 0x00000281e9485fa0,
0x00000281e948d310, 0x00000281e95672d0, 0x00000281e948c570, 0x00000281e956a0c0,
0x00000281e948cc40, 0x00000281e9567960, 0x00000281e9567ff0, 0x00000281e9568680,
0x00000281e9568d10, 0x00000281e95693a0, 0x00000281e9569a30, 0x00000281e956a750,
0x00000281ef5000d0, 0x00000281ef4fd970, 0x00000281ef500df0, 0x00000281ef500760,
0x00000281ef501480, 0x00000281ef4fe000, 0x00000281ef501b10, 0x00000281ef4fe690,
0x00000281ef4ff3b0, 0x00000281ef4ffa40, 0x00000281ef5021a0, 0x00000281ef4fed20,
0x00000281ef503550, 0x00000281ef502ec0, 0x00000281ef503be0, 0x00000281ef502830,
0x00000281ef504270, 0x00000281ef504900, 0x00000281ef504f90, 0x00000281f186aca0,
0x00000281f186b330, 0x00000281f186c6e0, 0x00000281f1869f80, 0x00000281f186cd70
}

Java Threads: ( => current thread )
  0x0000028192bfa970 JavaThread "main"                              [_thread_blocked, id=15852, stack(0x000000d2f8800000,0x000000d2f8900000) (1024K)]
  0x00000281a6fee220 JavaThread "Reference Handler"          daemon [_thread_blocked, id=21668, stack(0x000000d2f8c00000,0x000000d2f8d00000) (1024K)]
  0x0000028192ca1100 JavaThread "Finalizer"                  daemon [_thread_blocked, id=19140, stack(0x000000d2f8d00000,0x000000d2f8e00000) (1024K)]
  0x0000028192ca6400 JavaThread "Signal Dispatcher"          daemon [_thread_blocked, id=7332, stack(0x000000d2f8e00000,0x000000d2f8f00000) (1024K)]
  0x0000028192ca8f60 JavaThread "Attach Listener"            daemon [_thread_blocked, id=936, stack(0x000000d2f8f00000,0x000000d2f9000000) (1024K)]
  0x0000028192cac0f0 JavaThread "Service Thread"             daemon [_thread_blocked, id=22668, stack(0x000000d2f9000000,0x000000d2f9100000) (1024K)]
  0x0000028192cb1150 JavaThread "Monitor Deflation Thread"   daemon [_thread_blocked, id=20256, stack(0x000000d2f9100000,0x000000d2f9200000) (1024K)]
=>0x00000281e9485fa0 JavaThread "C2 CompilerThread0"         daemon [_thread_in_native, id=35876, stack(0x000000d2f9200000,0x000000d2f9300000) (1024K)]
  0x00000281e948d310 JavaThread "C1 CompilerThread0"         daemon [_thread_blocked, id=13188, stack(0x000000d2f9300000,0x000000d2f9400000) (1024K)]
  0x00000281e95672d0 JavaThread "Common-Cleaner"             daemon [_thread_blocked, id=25192, stack(0x000000d2f9400000,0x000000d2f9500000) (1024K)]
  0x00000281e948c570 JavaThread "C2 CompilerThread1"         daemon [_thread_in_native, id=25528, stack(0x000000d2f9500000,0x000000d2f9600000) (1024K)]
  0x00000281e956a0c0 JavaThread "Notification Thread"        daemon [_thread_blocked, id=21448, stack(0x000000d2f9600000,0x000000d2f9700000) (1024K)]
  0x00000281e948cc40 JavaThread "C2 CompilerThread2"         daemon [_thread_in_native, id=20832, stack(0x000000d2f9700000,0x000000d2f9800000) (1024K)]
  0x00000281e9567960 JavaThread "Active Thread: Equinox Container: 1aea4f72-5f1d-4a0b-bfdb-3e001313c65d"        [_thread_blocked, id=2100, stack(0x000000d2f9e00000,0x000000d2f9f00000) (1024K)]
  0x00000281e9567ff0 JavaThread "Refresh Thread: Equinox Container: 1aea4f72-5f1d-4a0b-bfdb-3e001313c65d" daemon [_thread_blocked, id=35456, stack(0x000000d2f9f00000,0x000000d2fa000000) (1024K)]
  0x00000281e9568680 JavaThread "Framework Event Dispatcher: Equinox Container: 1aea4f72-5f1d-4a0b-bfdb-3e001313c65d" daemon [_thread_blocked, id=14324, stack(0x000000d2fa100000,0x000000d2fa200000) (1024K)]
  0x00000281e9568d10 JavaThread "Start Level: Equinox Container: 1aea4f72-5f1d-4a0b-bfdb-3e001313c65d" daemon [_thread_blocked, id=24048, stack(0x000000d2fa200000,0x000000d2fa300000) (1024K)]
  0x00000281e95693a0 JavaThread "Bundle File Closer"         daemon [_thread_blocked, id=9356, stack(0x000000d2fa300000,0x000000d2fa400000) (1024K)]
  0x00000281e9569a30 JavaThread "SCR Component Actor"        daemon [_thread_blocked, id=28328, stack(0x000000d2fa600000,0x000000d2fa700000) (1024K)]
  0x00000281e956a750 JavaThread "SCR Component Registry"     daemon [_thread_blocked, id=33236, stack(0x000000d2fa700000,0x000000d2fa800000) (1024K)]
  0x00000281ef5000d0 JavaThread "Worker-JM"                         [_thread_blocked, id=30388, stack(0x000000d2fa800000,0x000000d2fa900000) (1024K)]
  0x00000281ef4fd970 JavaThread "JNA Cleaner"                daemon [_thread_blocked, id=11168, stack(0x000000d2fa900000,0x000000d2faa00000) (1024K)]
  0x00000281ef500df0 JavaThread "Worker-0: Initialize After Load"        [_thread_blocked, id=1364, stack(0x000000d2faa00000,0x000000d2fab00000) (1024K)]
  0x00000281ef500760 JavaThread "Worker-1: Repository registry initialization"        [_thread_blocked, id=34964, stack(0x000000d2fab00000,0x000000d2fac00000) (1024K)]
  0x00000281ef501480 JavaThread "Java indexing"              daemon [_thread_blocked, id=23888, stack(0x000000d2fac00000,0x000000d2fad00000) (1024K)]
  0x00000281ef4fe000 JavaThread "Worker-2"                          [_thread_blocked, id=24236, stack(0x000000d2faf00000,0x000000d2fb000000) (1024K)]
  0x00000281ef501b10 JavaThread "Worker-3: Updating Maven Dependencies"        [_thread_in_Java, id=15732, stack(0x000000d2fb000000,0x000000d2fb100000) (1024K)]
  0x00000281ef4fe690 JavaThread "Thread-2"                   daemon [_thread_in_native, id=9132, stack(0x000000d2fb100000,0x000000d2fb200000) (1024K)]
  0x00000281ef4ff3b0 JavaThread "Thread-3"                   daemon [_thread_in_native, id=21332, stack(0x000000d2fb200000,0x000000d2fb300000) (1024K)]
  0x00000281ef4ffa40 JavaThread "Thread-4"                   daemon [_thread_in_native, id=32140, stack(0x000000d2fb300000,0x000000d2fb400000) (1024K)]
  0x00000281ef5021a0 JavaThread "Thread-5"                   daemon [_thread_in_native, id=26396, stack(0x000000d2fb400000,0x000000d2fb500000) (1024K)]
  0x00000281ef4fed20 JavaThread "Thread-6"                   daemon [_thread_in_native, id=9140, stack(0x000000d2fb500000,0x000000d2fb600000) (1024K)]
  0x00000281ef503550 JavaThread "Thread-7"                   daemon [_thread_in_native, id=32084, stack(0x000000d2fb600000,0x000000d2fb700000) (1024K)]
  0x00000281ef502ec0 JavaThread "Thread-8"                   daemon [_thread_in_native, id=10716, stack(0x000000d2fb700000,0x000000d2fb800000) (1024K)]
  0x00000281ef503be0 JavaThread "Thread-9"                   daemon [_thread_in_native, id=22032, stack(0x000000d2fb800000,0x000000d2fb900000) (1024K)]
  0x00000281ef502830 JavaThread "Thread-10"                  daemon [_thread_in_native, id=25004, stack(0x000000d2fb900000,0x000000d2fba00000) (1024K)]
  0x00000281ef504270 JavaThread "Thread-11"                  daemon [_thread_in_native, id=1764, stack(0x000000d2fba00000,0x000000d2fbb00000) (1024K)]
  0x00000281ef504900 JavaThread "Thread-12"                  daemon [_thread_in_native, id=9472, stack(0x000000d2fbb00000,0x000000d2fbc00000) (1024K)]
  0x00000281ef504f90 JavaThread "Thread-13"                  daemon [_thread_in_native, id=11736, stack(0x000000d2fbc00000,0x000000d2fbd00000) (1024K)]
  0x00000281f186aca0 JavaThread "Thread-14"                  daemon [_thread_in_native, id=32144, stack(0x000000d2fbd00000,0x000000d2fbe00000) (1024K)]
  0x00000281f186b330 JavaThread "pool-2-thread-1"                   [_thread_blocked, id=35264, stack(0x000000d2fbe00000,0x000000d2fbf00000) (1024K)]
  0x00000281f186c6e0 JavaThread "WorkspaceEventsHandler"            [_thread_blocked, id=3040, stack(0x000000d2fbf00000,0x000000d2fc000000) (1024K)]
  0x00000281f1869f80 JavaThread "pool-1-thread-1"                   [_thread_blocked, id=36720, stack(0x000000d2fc000000,0x000000d2fc100000) (1024K)]
  0x00000281f186cd70 JavaThread "Worker-4"                          [_thread_blocked, id=17544, stack(0x000000d2fc100000,0x000000d2fc200000) (1024K)]
Total: 44

Other Threads:
  0x0000028192c9e730 VMThread "VM Thread"                           [id=11204, stack(0x000000d2f8b00000,0x000000d2f8c00000) (1024K)]
  0x00000281a6ecca00 WatcherThread "VM Periodic Task Thread"        [id=10056, stack(0x000000d2f8a00000,0x000000d2f8b00000) (1024K)]
  0x0000028192c186a0 WorkerThread "GC Thread#0"                     [id=32804, stack(0x000000d2f8900000,0x000000d2f8a00000) (1024K)]
  0x00000281ea906d20 WorkerThread "GC Thread#1"                     [id=14292, stack(0x000000d2f9800000,0x000000d2f9900000) (1024K)]
  0x00000281eab82a50 WorkerThread "GC Thread#2"                     [id=10976, stack(0x000000d2f9900000,0x000000d2f9a00000) (1024K)]
  0x00000281eab82df0 WorkerThread "GC Thread#3"                     [id=26636, stack(0x000000d2f9a00000,0x000000d2f9b00000) (1024K)]
  0x00000281ea631300 WorkerThread "GC Thread#4"                     [id=11012, stack(0x000000d2f9b00000,0x000000d2f9c00000) (1024K)]
  0x00000281ea6316a0 WorkerThread "GC Thread#5"                     [id=34936, stack(0x000000d2f9c00000,0x000000d2f9d00000) (1024K)]
  0x00000281ea631a40 WorkerThread "GC Thread#6"                     [id=34720, stack(0x000000d2f9d00000,0x000000d2f9e00000) (1024K)]
  0x00000281eab06c30 WorkerThread "GC Thread#7"                     [id=33924, stack(0x000000d2fa000000,0x000000d2fa100000) (1024K)]
  0x00000281ef6eeb40 WorkerThread "GC Thread#8"                     [id=27592, stack(0x000000d2fa400000,0x000000d2fa500000) (1024K)]
  0x00000281ef6ed1e0 WorkerThread "GC Thread#9"                     [id=6660, stack(0x000000d2fa500000,0x000000d2fa600000) (1024K)]
Total: 12

Threads with active compile tasks:
C2 CompilerThread0  4409 4897   !   4       org.eclipse.osgi.internal.loader.BundleLoader::findClass0 (491 bytes)
C1 CompilerThread0  4409 5375       2       org.eclipse.sisu.bean.LifecycleBuilder::isCandidateMethod (52 bytes)
C2 CompilerThread1  4409 5015   !   4       org.eclipse.osgi.internal.loader.classpath.ClasspathManager::findLocalClass (210 bytes)
C2 CompilerThread2  4409 4980   !   4       org.eclipse.osgi.internal.loader.classpath.ClasspathManager::defineClass (636 bytes)
Total: 4

VM state: not at safepoint (normal execution)

VM Mutex/Monitor currently owned by a thread:  ([mutex/lock_event])
[0x00007ff80179e400] Compile_lock - owner thread: 0x00000281e948d310

Heap address: 0x00000000c0000000, size: 1024 MB, Compressed Oops mode: 32-bit

CDS archive(s) mapped at: [0x00000281a7000000-0x00000281a7ba0000-0x00000281a7ba0000), size 12189696, SharedBaseAddress: 0x00000281a7000000, ArchiveRelocationMode: 1.
Compressed class space mapped at: 0x00000281a8000000-0x00000281e8000000, reserved size: 1073741824
Narrow klass base: 0x00000281a7000000, Narrow klass shift: 0, Narrow klass range: 0x100000000

GC Precious Log:
 CardTable entry size: 512
 CPUs: 12 total, 12 available
 Memory: 15773M
 Large Page Support: Disabled
 NUMA Support: Disabled
 Compressed Oops: Enabled (32-bit)
 Alignments: Space 512K, Generation 512K, Heap 2M
 Heap Min Capacity: 100M
 Heap Initial Capacity: 100M
 Heap Max Capacity: 1G
 Pre-touch: Disabled
 Parallel Workers: 10

Heap:
 PSYoungGen      total 23040K, used 5350K [0x00000000eab00000, 0x00000000ec500000, 0x0000000100000000)
  eden space 22016K, 19% used [0x00000000eab00000,0x00000000eaf39a98,0x00000000ec080000)
  from space 1024K, 100% used [0x00000000ec400000,0x00000000ec500000,0x00000000ec500000)
  to   space 2048K, 0% used [0x00000000ec100000,0x00000000ec100000,0x00000000ec300000)
 ParOldGen       total 68608K, used 19952K [0x00000000c0000000, 0x00000000c4300000, 0x00000000eab00000)
  object space 68608K, 29% used [0x00000000c0000000,0x00000000c137c140,0x00000000c4300000)
 Metaspace       used 41281K, committed 42432K, reserved 1114112K
  class space    used 4345K, committed 4864K, reserved 1048576K

Card table byte_map: [0x00000281925a0000,0x00000281927b0000] _byte_map_base: 0x0000028191fa0000

Marking Bits: (ParMarkBitMap*) 0x00007ff8017a3260
 Begin Bits: [0x00000281a4df0000, 0x00000281a5df0000)
 End Bits:   [0x00000281a5df0000, 0x00000281a6df0000)

Polling page: 0x0000028190980000

Metaspace:

Usage:
  Non-class:     36.07 MB used.
      Class:      4.24 MB used.
       Both:     40.31 MB used.

Virtual space:
  Non-class space:       64.00 MB reserved,      36.69 MB ( 57%) committed,  1 nodes.
      Class space:        1.00 GB reserved,       4.75 MB ( <1%) committed,  1 nodes.
             Both:        1.06 GB reserved,      41.44 MB (  4%) committed. 

Chunk freelists:
   Non-Class:  11.16 MB
       Class:  11.22 MB
        Both:  22.38 MB

MaxMetaspaceSize: unlimited
CompressedClassSpaceSize: 1.00 GB
Initial GC threshold: 21.00 MB
Current GC threshold: 58.38 MB
CDS: on
 - commit_granule_bytes: 65536.
 - commit_granule_words: 8192.
 - virtual_space_node_default_size: 8388608.
 - enlarge_chunks_in_place: 1.
 - use_allocation_guard: 0.


Internal statistics:

num_allocs_failed_limit: 6.
num_arena_births: 742.
num_arena_deaths: 14.
num_vsnodes_births: 2.
num_vsnodes_deaths: 0.
num_space_committed: 663.
num_space_uncommitted: 0.
num_chunks_returned_to_freelist: 20.
num_chunks_taken_from_freelist: 2528.
num_chunk_merges: 12.
num_chunk_splits: 1598.
num_chunks_enlarged: 968.
num_inconsistent_stats: 0.

CodeHeap 'non-profiled nmethods': size=120000Kb used=2312Kb max_used=2312Kb free=117687Kb
 bounds [0x000002819d8c0000, 0x000002819db30000, 0x00000281a4df0000]
CodeHeap 'profiled nmethods': size=120000Kb used=9481Kb max_used=9481Kb free=110518Kb
 bounds [0x0000028195df0000, 0x0000028196740000, 0x000002819d320000]
CodeHeap 'non-nmethods': size=5760Kb used=1384Kb max_used=1416Kb free=4376Kb
 bounds [0x000002819d320000, 0x000002819d590000, 0x000002819d8c0000]
 total_blobs=5416 nmethods=4760 adapters=560
 compilation: enabled
              stopped_count=0, restarted_count=0
 full_count=0

Compilation events (20 events):
Event: 4.351 Thread 0x00000281e948d310 5305       1       com.google.inject.spi.InjectionPoint::getMember (5 bytes)
Event: 4.351 Thread 0x00000281e948d310 nmethod 5305 0x000002819d978510 code [0x000002819d9786a0, 0x000002819d978768]
Event: 4.352 Thread 0x00000281e948d310 5306       2       com.google.inject.internal.asm.$SymbolTable::get (13 bytes)
Event: 4.352 Thread 0x00000281e948d310 nmethod 5306 0x0000028196715d90 code [0x0000028196715f20, 0x0000028196716070]
Event: 4.352 Thread 0x00000281e948d310 5307       2       com.google.inject.internal.asm.$ByteVector::putByte (39 bytes)
Event: 4.353 Thread 0x00000281e948d310 nmethod 5307 0x0000028196716190 code [0x0000028196716340, 0x00000281967164e0]
Event: 4.353 Thread 0x00000281e948d310 5308       2       com.google.inject.internal.asm.$SymbolTable::hash (10 bytes)
Event: 4.353 Thread 0x00000281e948d310 nmethod 5308 0x0000028196716610 code [0x00000281967167c0, 0x00000281967168d0]
Event: 4.353 Thread 0x00000281e948d310 5309       2       java.lang.StringUTF16::checkIndex (9 bytes)
Event: 4.353 Thread 0x00000281e948d310 nmethod 5309 0x0000028196716990 code [0x0000028196716b20, 0x0000028196716c48]
Event: 4.353 Thread 0x00000281e948d310 5310       2       com.google.inject.internal.asm.$ByteVector::putUTF8 (144 bytes)
Event: 4.353 Thread 0x00000281e948d310 nmethod 5310 0x0000028196716d90 code [0x0000028196716f80, 0x0000028196717468]
Event: 4.353 Thread 0x00000281e948d310 5311       2       com.google.inject.internal.asm.$Symbol::<init> (38 bytes)
Event: 4.354 Thread 0x00000281e948d310 nmethod 5311 0x0000028196717810 code [0x00000281967179a0, 0x0000028196717af8]
Event: 4.354 Thread 0x00000281e948d310 5312       2       com.google.inject.internal.asm.$SymbolTable::put (150 bytes)
Event: 4.354 Thread 0x00000281e948d310 nmethod 5312 0x0000028196717b90 code [0x0000028196717d60, 0x0000028196718260]
Event: 4.354 Thread 0x00000281e948d310 5314       2       com.google.inject.internal.asm.$SymbolTable::addConstantUtf8 (98 bytes)
Event: 4.354 Thread 0x00000281e948d310 nmethod 5314 0x0000028196718510 code [0x0000028196718720, 0x0000028196718b10]
Event: 4.354 Thread 0x00000281e948d310 5313       2       java.util.concurrent.TimeUnit::convert (73 bytes)
Event: 4.354 Thread 0x00000281e948d310 nmethod 5313 0x0000028196718e10 code [0x0000028196719020, 0x00000281967192c8]

GC Heap History (20 events):
Event: 3.006 GC heap before
{Heap before GC invocations=9 (full 1):
 PSYoungGen      total 29696K, used 24576K [0x00000000eab00000, 0x00000000ecd00000, 0x0000000100000000)
  eden space 24576K, 100% used [0x00000000eab00000,0x00000000ec300000,0x00000000ec300000)
  from space 5120K, 0% used [0x00000000ec380000,0x00000000ec380000,0x00000000ec880000)
  to   space 4608K, 0% used [0x00000000ec880000,0x00000000ec880000,0x00000000ecd00000)
 ParOldGen       total 68608K, used 13102K [0x00000000c0000000, 0x00000000c4300000, 0x00000000eab00000)
  object space 68608K, 19% used [0x00000000c0000000,0x00000000c0ccb898,0x00000000c4300000)
 Metaspace       used 23511K, committed 24320K, reserved 1114112K
  class space    used 2272K, committed 2624K, reserved 1048576K
}
Event: 3.007 GC heap after
{Heap after GC invocations=9 (full 1):
 PSYoungGen      total 25088K, used 537K [0x00000000eab00000, 0x00000000ec980000, 0x0000000100000000)
  eden space 24064K, 0% used [0x00000000eab00000,0x00000000eab00000,0x00000000ec280000)
  from space 1024K, 52% used [0x00000000ec880000,0x00000000ec9066e8,0x00000000ec980000)
  to   space 2560K, 0% used [0x00000000ec480000,0x00000000ec480000,0x00000000ec700000)
 ParOldGen       total 68608K, used 13102K [0x00000000c0000000, 0x00000000c4300000, 0x00000000eab00000)
  object space 68608K, 19% used [0x00000000c0000000,0x00000000c0ccb898,0x00000000c4300000)
 Metaspace       used 23511K, committed 24320K, reserved 1114112K
  class space    used 2272K, committed 2624K, reserved 1048576K
}
Event: 3.141 GC heap before
{Heap before GC invocations=10 (full 1):
 PSYoungGen      total 25088K, used 24601K [0x00000000eab00000, 0x00000000ec980000, 0x0000000100000000)
  eden space 24064K, 100% used [0x00000000eab00000,0x00000000ec280000,0x00000000ec280000)
  from space 1024K, 52% used [0x00000000ec880000,0x00000000ec9066e8,0x00000000ec980000)
  to   space 2560K, 0% used [0x00000000ec480000,0x00000000ec480000,0x00000000ec700000)
 ParOldGen       total 68608K, used 13102K [0x00000000c0000000, 0x00000000c4300000, 0x00000000eab00000)
  object space 68608K, 19% used [0x00000000c0000000,0x00000000c0ccb898,0x00000000c4300000)
 Metaspace       used 26027K, committed 26816K, reserved 1114112K
  class space    used 2474K, committed 2816K, reserved 1048576K
}
Event: 3.142 GC heap after
{Heap after GC invocations=10 (full 1):
 PSYoungGen      total 26112K, used 2216K [0x00000000eab00000, 0x00000000ec900000, 0x0000000100000000)
  eden space 23552K, 0% used [0x00000000eab00000,0x00000000eab00000,0x00000000ec200000)
  from space 2560K, 86% used [0x00000000ec480000,0x00000000ec6aa2b0,0x00000000ec700000)
  to   space 2048K, 0% used [0x00000000ec700000,0x00000000ec700000,0x00000000ec900000)
 ParOldGen       total 68608K, used 13102K [0x00000000c0000000, 0x00000000c4300000, 0x00000000eab00000)
  object space 68608K, 19% used [0x00000000c0000000,0x00000000c0ccb898,0x00000000c4300000)
 Metaspace       used 26027K, committed 26816K, reserved 1114112K
  class space    used 2474K, committed 2816K, reserved 1048576K
}
Event: 3.403 GC heap before
{Heap before GC invocations=11 (full 1):
 PSYoungGen      total 26112K, used 25768K [0x00000000eab00000, 0x00000000ec900000, 0x0000000100000000)
  eden space 23552K, 100% used [0x00000000eab00000,0x00000000ec200000,0x00000000ec200000)
  from space 2560K, 86% used [0x00000000ec480000,0x00000000ec6aa2b0,0x00000000ec700000)
  to   space 2048K, 0% used [0x00000000ec700000,0x00000000ec700000,0x00000000ec900000)
 ParOldGen       total 68608K, used 13102K [0x00000000c0000000, 0x00000000c4300000, 0x00000000eab00000)
  object space 68608K, 19% used [0x00000000c0000000,0x00000000c0ccb898,0x00000000c4300000)
 Metaspace       used 28798K, committed 29696K, reserved 1114112K
  class space    used 2739K, committed 3136K, reserved 1048576K
}
Event: 3.405 GC heap after
{Heap after GC invocations=11 (full 1):
 PSYoungGen      total 25088K, used 2022K [0x00000000eab00000, 0x00000000ec900000, 0x0000000100000000)
  eden space 23040K, 0% used [0x00000000eab00000,0x00000000eab00000,0x00000000ec180000)
  from space 2048K, 98% used [0x00000000ec700000,0x00000000ec8f9840,0x00000000ec900000)
  to   space 3584K, 0% used [0x00000000ec200000,0x00000000ec200000,0x00000000ec580000)
 ParOldGen       total 68608K, used 14279K [0x00000000c0000000, 0x00000000c4300000, 0x00000000eab00000)
  object space 68608K, 20% used [0x00000000c0000000,0x00000000c0df1e70,0x00000000c4300000)
 Metaspace       used 28798K, committed 29696K, reserved 1114112K
  class space    used 2739K, committed 3136K, reserved 1048576K
}
Event: 3.535 GC heap before
{Heap before GC invocations=12 (full 1):
 PSYoungGen      total 25088K, used 25062K [0x00000000eab00000, 0x00000000ec900000, 0x0000000100000000)
  eden space 23040K, 100% used [0x00000000eab00000,0x00000000ec180000,0x00000000ec180000)
  from space 2048K, 98% used [0x00000000ec700000,0x00000000ec8f9840,0x00000000ec900000)
  to   space 3584K, 0% used [0x00000000ec200000,0x00000000ec200000,0x00000000ec580000)
 ParOldGen       total 68608K, used 14279K [0x00000000c0000000, 0x00000000c4300000, 0x00000000eab00000)
  object space 68608K, 20% used [0x00000000c0000000,0x00000000c0df1e70,0x00000000c4300000)
 Metaspace       used 31900K, committed 32896K, reserved 1114112K
  class space    used 3105K, committed 3520K, reserved 1048576K
}
Event: 3.537 GC heap after
{Heap after GC invocations=12 (full 1):
 PSYoungGen      total 24576K, used 1634K [0x00000000eab00000, 0x00000000ec780000, 0x0000000100000000)
  eden space 22528K, 0% used [0x00000000eab00000,0x00000000eab00000,0x00000000ec100000)
  from space 2048K, 79% used [0x00000000ec200000,0x00000000ec398af0,0x00000000ec400000)
  to   space 2560K, 0% used [0x00000000ec500000,0x00000000ec500000,0x00000000ec780000)
 ParOldGen       total 68608K, used 16272K [0x00000000c0000000, 0x00000000c4300000, 0x00000000eab00000)
  object space 68608K, 23% used [0x00000000c0000000,0x00000000c0fe4148,0x00000000c4300000)
 Metaspace       used 31900K, committed 32896K, reserved 1114112K
  class space    used 3105K, committed 3520K, reserved 1048576K
}
Event: 3.672 GC heap before
{Heap before GC invocations=13 (full 1):
 PSYoungGen      total 24576K, used 24162K [0x00000000eab00000, 0x00000000ec780000, 0x0000000100000000)
  eden space 22528K, 100% used [0x00000000eab00000,0x00000000ec100000,0x00000000ec100000)
  from space 2048K, 79% used [0x00000000ec200000,0x00000000ec398af0,0x00000000ec400000)
  to   space 2560K, 0% used [0x00000000ec500000,0x00000000ec500000,0x00000000ec780000)
 ParOldGen       total 68608K, used 16272K [0x00000000c0000000, 0x00000000c4300000, 0x00000000eab00000)
  object space 68608K, 23% used [0x00000000c0000000,0x00000000c0fe4148,0x00000000c4300000)
 Metaspace       used 34702K, committed 35776K, reserved 1114112K
  class space    used 3497K, committed 3968K, reserved 1048576K
}
Event: 3.674 GC heap after
{Heap after GC invocations=13 (full 1):
 PSYoungGen      total 24064K, used 1712K [0x00000000eab00000, 0x00000000ec700000, 0x0000000100000000)
  eden space 22016K, 0% used [0x00000000eab00000,0x00000000eab00000,0x00000000ec080000)
  from space 2048K, 83% used [0x00000000ec500000,0x00000000ec6ac010,0x00000000ec700000)
  to   space 2048K, 0% used [0x00000000ec300000,0x00000000ec300000,0x00000000ec500000)
 ParOldGen       total 68608K, used 17498K [0x00000000c0000000, 0x00000000c4300000, 0x00000000eab00000)
  object space 68608K, 25% used [0x00000000c0000000,0x00000000c11169e8,0x00000000c4300000)
 Metaspace       used 34702K, committed 35776K, reserved 1114112K
  class space    used 3497K, committed 3968K, reserved 1048576K
}
Event: 3.678 GC heap before
{Heap before GC invocations=14 (full 1):
 PSYoungGen      total 24064K, used 2519K [0x00000000eab00000, 0x00000000ec700000, 0x0000000100000000)
  eden space 22016K, 3% used [0x00000000eab00000,0x00000000eabc9cf0,0x00000000ec080000)
  from space 2048K, 83% used [0x00000000ec500000,0x00000000ec6ac010,0x00000000ec700000)
  to   space 2048K, 0% used [0x00000000ec300000,0x00000000ec300000,0x00000000ec500000)
 ParOldGen       total 68608K, used 17498K [0x00000000c0000000, 0x00000000c4300000, 0x00000000eab00000)
  object space 68608K, 25% used [0x00000000c0000000,0x00000000c11169e8,0x00000000c4300000)
 Metaspace       used 34768K, committed 35840K, reserved 1114112K
  class space    used 3506K, committed 4032K, reserved 1048576K
}
Event: 3.680 GC heap after
{Heap after GC invocations=14 (full 1):
 PSYoungGen      total 22528K, used 304K [0x00000000eab00000, 0x00000000ec580000, 0x0000000100000000)
  eden space 22016K, 0% used [0x00000000eab00000,0x00000000eab00000,0x00000000ec080000)
  from space 512K, 59% used [0x00000000ec300000,0x00000000ec34c250,0x00000000ec380000)
  to   space 1024K, 0% used [0x00000000ec480000,0x00000000ec480000,0x00000000ec580000)
 ParOldGen       total 68608K, used 18954K [0x00000000c0000000, 0x00000000c4300000, 0x00000000eab00000)
  object space 68608K, 27% used [0x00000000c0000000,0x00000000c1282a28,0x00000000c4300000)
 Metaspace       used 34768K, committed 35840K, reserved 1114112K
  class space    used 3506K, committed 4032K, reserved 1048576K
}
Event: 3.680 GC heap before
{Heap before GC invocations=15 (full 2):
 PSYoungGen      total 22528K, used 304K [0x00000000eab00000, 0x00000000ec580000, 0x0000000100000000)
  eden space 22016K, 0% used [0x00000000eab00000,0x00000000eab00000,0x00000000ec080000)
  from space 512K, 59% used [0x00000000ec300000,0x00000000ec34c250,0x00000000ec380000)
  to   space 1024K, 0% used [0x00000000ec480000,0x00000000ec480000,0x00000000ec580000)
 ParOldGen       total 68608K, used 18954K [0x00000000c0000000, 0x00000000c4300000, 0x00000000eab00000)
  object space 68608K, 27% used [0x00000000c0000000,0x00000000c1282a28,0x00000000c4300000)
 Metaspace       used 34768K, committed 35840K, reserved 1114112K
  class space    used 3506K, committed 4032K, reserved 1048576K
}
Event: 3.705 GC heap after
{Heap after GC invocations=15 (full 2):
 PSYoungGen      total 22528K, used 0K [0x00000000eab00000, 0x00000000ec580000, 0x0000000100000000)
  eden space 22016K, 0% used [0x00000000eab00000,0x00000000eab00000,0x00000000ec080000)
  from space 512K, 0% used [0x00000000ec300000,0x00000000ec300000,0x00000000ec380000)
  to   space 1024K, 0% used [0x00000000ec480000,0x00000000ec480000,0x00000000ec580000)
 ParOldGen       total 68608K, used 18225K [0x00000000c0000000, 0x00000000c4300000, 0x00000000eab00000)
  object space 68608K, 26% used [0x00000000c0000000,0x00000000c11cc440,0x00000000c4300000)
 Metaspace       used 34768K, committed 35840K, reserved 1114112K
  class space    used 3506K, committed 4032K, reserved 1048576K
}
Event: 3.883 GC heap before
{Heap before GC invocations=16 (full 2):
 PSYoungGen      total 22528K, used 22016K [0x00000000eab00000, 0x00000000ec580000, 0x0000000100000000)
  eden space 22016K, 100% used [0x00000000eab00000,0x00000000ec080000,0x00000000ec080000)
  from space 512K, 0% used [0x00000000ec300000,0x00000000ec300000,0x00000000ec380000)
  to   space 1024K, 0% used [0x00000000ec480000,0x00000000ec480000,0x00000000ec580000)
 ParOldGen       total 68608K, used 18225K [0x00000000c0000000, 0x00000000c4300000, 0x00000000eab00000)
  object space 68608K, 26% used [0x00000000c0000000,0x00000000c11cc440,0x00000000c4300000)
 Metaspace       used 36252K, committed 37440K, reserved 1114112K
  class space    used 3701K, committed 4224K, reserved 1048576K
}
Event: 3.884 GC heap after
{Heap after GC invocations=16 (full 2):
 PSYoungGen      total 23040K, used 1024K [0x00000000eab00000, 0x00000000ec580000, 0x0000000100000000)
  eden space 22016K, 0% used [0x00000000eab00000,0x00000000eab00000,0x00000000ec080000)
  from space 1024K, 100% used [0x00000000ec480000,0x00000000ec580000,0x00000000ec580000)
  to   space 1536K, 0% used [0x00000000ec280000,0x00000000ec280000,0x00000000ec400000)
 ParOldGen       total 68608K, used 18385K [0x00000000c0000000, 0x00000000c4300000, 0x00000000eab00000)
  object space 68608K, 26% used [0x00000000c0000000,0x00000000c11f4440,0x00000000c4300000)
 Metaspace       used 36252K, committed 37440K, reserved 1114112K
  class space    used 3701K, committed 4224K, reserved 1048576K
}
Event: 4.074 GC heap before
{Heap before GC invocations=17 (full 2):
 PSYoungGen      total 23040K, used 23040K [0x00000000eab00000, 0x00000000ec580000, 0x0000000100000000)
  eden space 22016K, 100% used [0x00000000eab00000,0x00000000ec080000,0x00000000ec080000)
  from space 1024K, 100% used [0x00000000ec480000,0x00000000ec580000,0x00000000ec580000)
  to   space 1536K, 0% used [0x00000000ec280000,0x00000000ec280000,0x00000000ec400000)
 ParOldGen       total 68608K, used 18385K [0x00000000c0000000, 0x00000000c4300000, 0x00000000eab00000)
  object space 68608K, 26% used [0x00000000c0000000,0x00000000c11f4440,0x00000000c4300000)
 Metaspace       used 38209K, committed 39360K, reserved 1114112K
  class space    used 3955K, committed 4480K, reserved 1048576K
}
Event: 4.075 GC heap after
{Heap after GC invocations=17 (full 2):
 PSYoungGen      total 23552K, used 704K [0x00000000eab00000, 0x00000000ec500000, 0x0000000100000000)
  eden space 22016K, 0% used [0x00000000eab00000,0x00000000eab00000,0x00000000ec080000)
  from space 1536K, 45% used [0x00000000ec280000,0x00000000ec330000,0x00000000ec400000)
  to   space 1024K, 0% used [0x00000000ec400000,0x00000000ec400000,0x00000000ec500000)
 ParOldGen       total 68608K, used 19352K [0x00000000c0000000, 0x00000000c4300000, 0x00000000eab00000)
  object space 68608K, 28% used [0x00000000c0000000,0x00000000c12e6140,0x00000000c4300000)
 Metaspace       used 38209K, committed 39360K, reserved 1114112K
  class space    used 3955K, committed 4480K, reserved 1048576K
}
Event: 4.312 GC heap before
{Heap before GC invocations=18 (full 2):
 PSYoungGen      total 23552K, used 22720K [0x00000000eab00000, 0x00000000ec500000, 0x0000000100000000)
  eden space 22016K, 100% used [0x00000000eab00000,0x00000000ec080000,0x00000000ec080000)
  from space 1536K, 45% used [0x00000000ec280000,0x00000000ec330000,0x00000000ec400000)
  to   space 1024K, 0% used [0x00000000ec400000,0x00000000ec400000,0x00000000ec500000)
 ParOldGen       total 68608K, used 19352K [0x00000000c0000000, 0x00000000c4300000, 0x00000000eab00000)
  object space 68608K, 28% used [0x00000000c0000000,0x00000000c12e6140,0x00000000c4300000)
 Metaspace       used 40849K, committed 41984K, reserved 1114112K
  class space    used 4280K, committed 4800K, reserved 1048576K
}
Event: 4.313 GC heap after
{Heap after GC invocations=18 (full 2):
 PSYoungGen      total 23040K, used 1024K [0x00000000eab00000, 0x00000000ec500000, 0x0000000100000000)
  eden space 22016K, 0% used [0x00000000eab00000,0x00000000eab00000,0x00000000ec080000)
  from space 1024K, 100% used [0x00000000ec400000,0x00000000ec500000,0x00000000ec500000)
  to   space 2048K, 0% used [0x00000000ec100000,0x00000000ec100000,0x00000000ec300000)
 ParOldGen       total 68608K, used 19952K [0x00000000c0000000, 0x00000000c4300000, 0x00000000eab00000)
  object space 68608K, 29% used [0x00000000c0000000,0x00000000c137c140,0x00000000c4300000)
 Metaspace       used 40849K, committed 41984K, reserved 1114112K
  class space    used 4280K, committed 4800K, reserved 1048576K
}

Dll operation events (10 events):
Event: 0.016 Loaded shared library c:\Users\Subhava Ojha\.vscode\extensions\redhat.java-1.40.0-win32-x64\jre\21.0.6-win32-x86_64\bin\java.dll
Event: 0.123 Loaded shared library c:\Users\Subhava Ojha\.vscode\extensions\redhat.java-1.40.0-win32-x64\jre\21.0.6-win32-x86_64\bin\zip.dll
Event: 0.147 Loaded shared library C:\Users\Subhava Ojha\.vscode\extensions\redhat.java-1.40.0-win32-x64\jre\21.0.6-win32-x86_64\bin\instrument.dll
Event: 0.153 Loaded shared library C:\Users\Subhava Ojha\.vscode\extensions\redhat.java-1.40.0-win32-x64\jre\21.0.6-win32-x86_64\bin\net.dll
Event: 0.155 Loaded shared library C:\Users\Subhava Ojha\.vscode\extensions\redhat.java-1.40.0-win32-x64\jre\21.0.6-win32-x86_64\bin\nio.dll
Event: 0.161 Loaded shared library C:\Users\Subhava Ojha\.vscode\extensions\redhat.java-1.40.0-win32-x64\jre\21.0.6-win32-x86_64\bin\zip.dll
Event: 0.181 Loaded shared library C:\Users\Subhava Ojha\.vscode\extensions\redhat.java-1.40.0-win32-x64\jre\21.0.6-win32-x86_64\bin\jimage.dll
Event: 0.264 Loaded shared library c:\Users\Subhava Ojha\.vscode\extensions\redhat.java-1.40.0-win32-x64\jre\21.0.6-win32-x86_64\bin\verify.dll
Event: 1.255 Loaded shared library C:\Users\Subhava Ojha\AppData\Roaming\Code\User\globalStorage\redhat.java\1.40.0\config_win\org.eclipse.equinox.launcher\org.eclipse.equinox.launcher.win32.win32.x86_64_1.2.1200.v20250212-0927\eclipse_11909.dll
Event: 2.417 Loaded shared library C:\Users\Subhava Ojha\AppData\Local\Temp\jna--1326936240\jna6322858817152922817.dll

Deoptimization events (20 events):
Event: 3.863 Thread 0x00000281ef500760 Uncommon trap: trap_request=0xffffff45 fr.pc=0x000002819d96a1a8 relative=0x0000000000000108
Event: 3.863 Thread 0x00000281ef500760 Uncommon trap: reason=unstable_if action=reinterpret pc=0x000002819d96a1a8 method=jdk.internal.org.objectweb.asm.ByteVector.putShort(I)Ljdk/internal/org/objectweb/asm/ByteVector; @ 13 c2
Event: 3.863 Thread 0x00000281ef500760 DEOPT PACKING pc=0x000002819d96a1a8 sp=0x000000d2fabfd100
Event: 3.863 Thread 0x00000281ef500760 DEOPT UNPACKING pc=0x000002819d373aa2 sp=0x000000d2fabfd098 mode 2
Event: 3.913 Thread 0x00000281ef501b10 DEOPT PACKING pc=0x000002819604d3d3 sp=0x000000d2fb0fe230
Event: 3.913 Thread 0x00000281ef501b10 DEOPT UNPACKING pc=0x000002819d374242 sp=0x000000d2fb0fd6a0 mode 0
Event: 4.041 Thread 0x00000281ef501b10 DEOPT PACKING pc=0x00000281966dc3d6 sp=0x000000d2fb0fd180
Event: 4.041 Thread 0x00000281ef501b10 DEOPT UNPACKING pc=0x000002819d374242 sp=0x000000d2fb0fc690 mode 0
Event: 4.275 Thread 0x00000281ef501b10 Uncommon trap: trap_request=0xffffff45 fr.pc=0x000002819dab3f84 relative=0x0000000000000504
Event: 4.275 Thread 0x00000281ef501b10 Uncommon trap: reason=unstable_if action=reinterpret pc=0x000002819dab3f84 method=java.util.TreeMap.put(Ljava/lang/Object;Ljava/lang/Object;Z)Ljava/lang/Object; @ 27 c2
Event: 4.275 Thread 0x00000281ef501b10 DEOPT PACKING pc=0x000002819dab3f84 sp=0x000000d2fb0fe060
Event: 4.275 Thread 0x00000281ef501b10 DEOPT UNPACKING pc=0x000002819d373aa2 sp=0x000000d2fb0fdfd0 mode 2
Event: 4.292 Thread 0x00000281ef501b10 Uncommon trap: trap_request=0xffffff45 fr.pc=0x000002819da05804 relative=0x00000000000002a4
Event: 4.293 Thread 0x00000281ef501b10 Uncommon trap: reason=unstable_if action=reinterpret pc=0x000002819da05804 method=java.lang.ClassLoader.checkName(Ljava/lang/String;)Z @ 1 c2
Event: 4.293 Thread 0x00000281ef501b10 DEOPT PACKING pc=0x000002819da05804 sp=0x000000d2fb0fde20
Event: 4.293 Thread 0x00000281ef501b10 DEOPT UNPACKING pc=0x000002819d373aa2 sp=0x000000d2fb0fddb8 mode 2
Event: 4.293 Thread 0x00000281ef501b10 Uncommon trap: trap_request=0xffffff45 fr.pc=0x000002819d967f08 relative=0x0000000000000f48
Event: 4.293 Thread 0x00000281ef501b10 Uncommon trap: reason=unstable_if action=reinterpret pc=0x000002819d967f08 method=lombok.patcher.ScriptManager$OurClassFileTransformer.transform(Ljava/lang/ClassLoader;Ljava/lang/String;Ljava/lang/Class;Ljava/security/ProtectionDomain;[B)[B @ 1 c2
Event: 4.293 Thread 0x00000281ef501b10 DEOPT PACKING pc=0x000002819d967f08 sp=0x000000d2fb0fc980
Event: 4.293 Thread 0x00000281ef501b10 DEOPT UNPACKING pc=0x000002819d373aa2 sp=0x000000d2fb0fc918 mode 2

Classes loaded (20 events):
Event: 3.785 Loading class java/lang/annotation/IncompleteAnnotationException
Event: 3.785 Loading class java/lang/annotation/IncompleteAnnotationException done
Event: 3.820 Loading class java/lang/foreign/MemorySegment
Event: 3.821 Loading class java/lang/foreign/MemorySegment done
Event: 3.862 Loading class java/lang/invoke/MethodHandleImpl$CountingWrapper
Event: 3.862 Loading class java/lang/invoke/MethodHandleImpl$CountingWrapper done
Event: 4.003 Loading class sun/reflect/annotation/AnnotatedTypeFactory$AnnotatedParameterizedTypeImpl
Event: 4.004 Loading class java/lang/reflect/AnnotatedParameterizedType
Event: 4.004 Loading class java/lang/reflect/AnnotatedParameterizedType done
Event: 4.004 Loading class sun/reflect/annotation/AnnotatedTypeFactory$AnnotatedParameterizedTypeImpl done
Event: 4.144 Loading class sun/reflect/generics/scope/ConstructorScope
Event: 4.144 Loading class sun/reflect/generics/scope/ConstructorScope done
Event: 4.144 Loading class sun/reflect/generics/tree/VoidDescriptor
Event: 4.144 Loading class sun/reflect/generics/tree/VoidDescriptor done
Event: 4.151 Loading class java/util/concurrent/CompletionService
Event: 4.151 Loading class java/util/concurrent/CompletionService done
Event: 4.173 Loading class java/nio/channels/ServerSocketChannel
Event: 4.173 Loading class java/nio/channels/ServerSocketChannel done
Event: 4.269 Loading class java/lang/ExceptionInInitializerError
Event: 4.269 Loading class java/lang/ExceptionInInitializerError done

Classes unloaded (7 events):
Event: 2.841 Thread 0x0000028192c9e730 Unloading class 0x00000281a8199400 'java/lang/invoke/LambdaForm$MH+0x00000281a8199400'
Event: 2.841 Thread 0x0000028192c9e730 Unloading class 0x00000281a8199000 'java/lang/invoke/LambdaForm$MH+0x00000281a8199000'
Event: 2.841 Thread 0x0000028192c9e730 Unloading class 0x00000281a8198c00 'java/lang/invoke/LambdaForm$MH+0x00000281a8198c00'
Event: 2.841 Thread 0x0000028192c9e730 Unloading class 0x00000281a8198800 'java/lang/invoke/LambdaForm$MH+0x00000281a8198800'
Event: 2.841 Thread 0x0000028192c9e730 Unloading class 0x00000281a8198400 'java/lang/invoke/LambdaForm$BMH+0x00000281a8198400'
Event: 2.841 Thread 0x0000028192c9e730 Unloading class 0x00000281a8198000 'java/lang/invoke/LambdaForm$DMH+0x00000281a8198000'
Event: 2.841 Thread 0x0000028192c9e730 Unloading class 0x00000281a8196c00 'java/lang/invoke/LambdaForm$DMH+0x00000281a8196c00'

Classes redefined (0 events):
No events

Internal exceptions (20 events):
Event: 3.513 Thread 0x00000281ef501b10 Exception <a 'java/lang/NoSuchMethodError'{0x00000000ebdbbcc8}: 'int java.lang.invoke.DirectMethodHandle$Holder.invokeStaticInit(java.lang.Object, long, long)'> (0x00000000ebdbbcc8) 
thrown [s\src\hotspot\share\interpreter\linkResolver.cpp, line 773]
Event: 3.513 Thread 0x00000281ef501b10 Exception <a 'java/lang/NoSuchMethodError'{0x00000000ebddc230}: 'int java.lang.invoke.DirectMethodHandle$Holder.invokeStaticInit(java.lang.Object, float, float)'> (0x00000000ebddc230) 
thrown [s\src\hotspot\share\interpreter\linkResolver.cpp, line 773]
Event: 3.514 Thread 0x00000281ef501b10 Exception <a 'java/lang/NoSuchMethodError'{0x00000000ebde2bc0}: 'int java.lang.invoke.DirectMethodHandle$Holder.invokeStaticInit(java.lang.Object, double, double)'> (0x00000000ebde2bc0) 
thrown [s\src\hotspot\share\interpreter\linkResolver.cpp, line 773]
Event: 3.514 Thread 0x00000281ef501b10 Exception <a 'java/lang/NoSuchMethodError'{0x00000000ebde6ff0}: 'int java.lang.invoke.DirectMethodHandle$Holder.invokeStatic(java.lang.Object, long)'> (0x00000000ebde6ff0) 
thrown [s\src\hotspot\share\interpreter\linkResolver.cpp, line 773]
Event: 3.516 Thread 0x00000281ef501b10 Exception <a 'java/lang/NoSuchMethodError'{0x00000000ebe682b8}: 'int java.lang.invoke.Invokers$Holder.linkToTargetMethod(java.lang.Object, java.lang.Object)'> (0x00000000ebe682b8) 
thrown [s\src\hotspot\share\interpreter\linkResolver.cpp, line 773]
Event: 3.551 Thread 0x00000281ef501b10 Exception <a 'java/lang/NoSuchMethodError'{0x00000000eacd5e10}: 'java.lang.Object java.lang.invoke.DirectMethodHandle$Holder.invokeSpecialIFC(java.lang.Object, java.lang.Object, java.lang.Object, java.lang.Object)'> (0x00000000eacd5e10) 
thrown [s\src\hotspot\share\interpreter\linkResolver.cpp, line 773]
Event: 3.644 Thread 0x0000028192bfa970 Exception <a 'java/lang/NoSuchMethodError'{0x00000000ebbeaed8}: 'void java.lang.invoke.DirectMethodHandle$Holder.invokeSpecial(java.lang.Object, java.lang.Object, java.lang.Object, java.lang.Object, java.lang.Object, java.lang.Object)'> (0x00000000ebbeaed8) 
thrown [s\src\hotspot\share\interpreter\linkResolver.cpp, line 773]
Event: 3.645 Thread 0x0000028192bfa970 Exception <a 'java/lang/IncompatibleClassChangeError'{0x00000000ebc00f60}: Found class java.lang.Object, but interface was expected> (0x00000000ebc00f60) 
thrown [s\src\hotspot\share\interpreter\linkResolver.cpp, line 840]
Event: 3.646 Thread 0x0000028192bfa970 Exception <a 'java/lang/IncompatibleClassChangeError'{0x00000000ebc02d50}: Found class java.lang.Object, but interface was expected> (0x00000000ebc02d50) 
thrown [s\src\hotspot\share\interpreter\linkResolver.cpp, line 840]
Event: 3.650 Thread 0x00000281ef501b10 Exception <a 'java/lang/NoSuchMethodError'{0x00000000ebcbd178}: 'int java.lang.invoke.DirectMethodHandle$Holder.invokeStatic(java.lang.Object, java.lang.Object, java.lang.Object, java.lang.Object, java.lang.Object)'> (0x00000000ebcbd178) 
thrown [s\src\hotspot\share\interpreter\linkResolver.cpp, line 773]
Event: 3.785 Thread 0x00000281ef501b10 Exception <a 'java/lang/NoClassDefFoundError'{0x00000000eb4a5928}: javax/enterprise/inject/Typed> (0x00000000eb4a5928) 
thrown [s\src\hotspot\share\classfile\systemDictionary.cpp, line 301]
Event: 3.861 Thread 0x00000281ef500760 Exception <a 'java/lang/NoSuchMethodError'{0x00000000eb65c8f8}: 'int java.lang.invoke.DirectMethodHandle$Holder.invokeSpecial(java.lang.Object, java.lang.Object, java.lang.Object, java.lang.Object)'> (0x00000000eb65c8f8) 
thrown [s\src\hotspot\share\interpreter\linkResolver.cpp, line 773]
Event: 3.862 Thread 0x00000281ef500760 Exception <a 'java/lang/NoSuchMethodError'{0x00000000ebec8158}: 'java.lang.Object java.lang.invoke.DirectMethodHandle$Holder.invokeStatic(java.lang.Object, int, java.lang.Object, java.lang.Object)'> (0x00000000ebec8158) 
thrown [s\src\hotspot\share\interpreter\linkResolver.cpp, line 773]
Event: 3.862 Thread 0x00000281ef500760 Exception <a 'java/lang/NoSuchMethodError'{0x00000000ebecb938}: 'java.lang.Object java.lang.invoke.DelegatingMethodHandle$Holder.delegate(java.lang.Object, int, java.lang.Object, java.lang.Object)'> (0x00000000ebecb938) 
thrown [s\src\hotspot\share\interpreter\linkResolver.cpp, line 773]
Event: 3.863 Thread 0x00000281ef500760 Exception <a 'java/lang/NoSuchMethodError'{0x00000000ebedf060}: 'int java.lang.invoke.Invokers$Holder.linkToTargetMethod(java.lang.Object, java.lang.Object, java.lang.Object)'> (0x00000000ebedf060) 
thrown [s\src\hotspot\share\interpreter\linkResolver.cpp, line 773]
Event: 4.266 Thread 0x00000281ef501b10 Exception <a 'java/lang/NoSuchMethodError'{0x00000000ebcf0dd0}: 'void java.lang.invoke.DirectMethodHandle$Holder.invokeStaticInit(java.lang.Object, java.lang.Object, java.lang.Object)'> (0x00000000ebcf0dd0) 
thrown [s\src\hotspot\share\interpreter\linkResolver.cpp, line 773]
Event: 4.270 Thread 0x00000281ef501b10 Exception <a 'java/lang/ExceptionInInitializerError'{0x00000000ebd25cf0}> (0x00000000ebd25cf0) 
thrown [s\src\hotspot\share\oops\instanceKlass.cpp, line 1220]
Event: 4.292 Thread 0x00000281ef501b10 Implicit null exception at 0x000002819da0557e to 0x000002819da057f0
Event: 4.293 Thread 0x00000281ef501b10 Implicit null exception at 0x000002819d96701c to 0x000002819d967ef8
Event: 4.294 Thread 0x00000281ef501b10 Exception <a 'java/lang/NoSuchMethodError'{0x00000000ebeabe58}: 'java.lang.Object java.lang.invoke.Invokers$Holder.invokeExact_MT(java.lang.Object, int, java.lang.Object)'> (0x00000000ebeabe58) 
thrown [s\src\hotspot\share\interpreter\linkResolver.cpp, line 773]

ZGC Phase Switch (0 events):
No events

VM Operations (20 events):
Event: 3.535 Executing VM operation: ParallelGCFailedAllocation (Allocation Failure)
Event: 3.537 Executing VM operation: ParallelGCFailedAllocation (Allocation Failure) done
Event: 3.672 Executing VM operation: ParallelGCFailedAllocation (Allocation Failure)
Event: 3.674 Executing VM operation: ParallelGCFailedAllocation (Allocation Failure) done
Event: 3.678 Executing VM operation: CollectForMetadataAllocation (Metadata GC Threshold)
Event: 3.705 Executing VM operation: CollectForMetadataAllocation (Metadata GC Threshold) done
Event: 3.775 Executing VM operation: HandshakeAllThreads (Deoptimize)
Event: 3.776 Executing VM operation: HandshakeAllThreads (Deoptimize) done
Event: 3.883 Executing VM operation: ParallelGCFailedAllocation (Allocation Failure)
Event: 3.884 Executing VM operation: ParallelGCFailedAllocation (Allocation Failure) done
Event: 4.032 Executing VM operation: HandshakeAllThreads (Deoptimize)
Event: 4.032 Executing VM operation: HandshakeAllThreads (Deoptimize) done
Event: 4.074 Executing VM operation: ParallelGCFailedAllocation (Allocation Failure)
Event: 4.075 Executing VM operation: ParallelGCFailedAllocation (Allocation Failure) done
Event: 4.115 Executing VM operation: HandshakeAllThreads (Deoptimize)
Event: 4.115 Executing VM operation: HandshakeAllThreads (Deoptimize) done
Event: 4.312 Executing VM operation: ParallelGCFailedAllocation (Allocation Failure)
Event: 4.313 Executing VM operation: ParallelGCFailedAllocation (Allocation Failure) done
Event: 4.317 Executing VM operation: HandshakeAllThreads (Deoptimize)
Event: 4.317 Executing VM operation: HandshakeAllThreads (Deoptimize) done

Memory protections (0 events):
No events

Nmethod flushes (20 events):
Event: 3.691 Thread 0x0000028192c9e730 flushing  nmethod 0x0000028196442490
Event: 3.691 Thread 0x0000028192c9e730 flushing  nmethod 0x0000028196442890
Event: 3.691 Thread 0x0000028192c9e730 flushing  nmethod 0x0000028196443190
Event: 3.691 Thread 0x0000028192c9e730 flushing  nmethod 0x0000028196444b90
Event: 3.691 Thread 0x0000028192c9e730 flushing  nmethod 0x0000028196445310
Event: 3.691 Thread 0x0000028192c9e730 flushing  nmethod 0x0000028196446890
Event: 3.691 Thread 0x0000028192c9e730 flushing  nmethod 0x0000028196446d90
Event: 3.691 Thread 0x0000028192c9e730 flushing  nmethod 0x0000028196447910
Event: 3.691 Thread 0x0000028192c9e730 flushing  nmethod 0x0000028196447e10
Event: 3.691 Thread 0x0000028192c9e730 flushing  nmethod 0x0000028196448b10
Event: 3.691 Thread 0x0000028192c9e730 flushing  nmethod 0x0000028196448f10
Event: 3.691 Thread 0x0000028192c9e730 flushing  nmethod 0x0000028196449e10
Event: 3.691 Thread 0x0000028192c9e730 flushing  nmethod 0x000002819644a310
Event: 3.691 Thread 0x0000028192c9e730 flushing  nmethod 0x000002819644b490
Event: 3.691 Thread 0x0000028192c9e730 flushing  nmethod 0x0000028196456b90
Event: 3.691 Thread 0x0000028192c9e730 flushing  nmethod 0x0000028196475510
Event: 3.691 Thread 0x0000028192c9e730 flushing  nmethod 0x0000028196477110
Event: 3.691 Thread 0x0000028192c9e730 flushing  nmethod 0x0000028196486710
Event: 3.691 Thread 0x0000028192c9e730 flushing  nmethod 0x00000281964a2e10
Event: 3.691 Thread 0x0000028192c9e730 flushing  nmethod 0x00000281964b0390

Events (20 events):
Event: 3.258 Thread 0x00000281e9568d10 Thread added: 0x00000281ef501480
Event: 3.455 Thread 0x00000281ef500760 Thread added: 0x00000281ef4fe000
Event: 3.474 Thread 0x00000281ef4fe000 Thread added: 0x00000281ef501b10
Event: 3.500 Thread 0x0000028192bfa970 Thread added: 0x00000281ef4fe690
Event: 3.500 Thread 0x0000028192bfa970 Thread added: 0x00000281ef4ff3b0
Event: 3.500 Thread 0x0000028192bfa970 Thread added: 0x00000281ef4ffa40
Event: 3.500 Thread 0x0000028192bfa970 Thread added: 0x00000281ef5021a0
Event: 3.500 Thread 0x0000028192bfa970 Thread added: 0x00000281ef4fed20
Event: 3.500 Thread 0x0000028192bfa970 Thread added: 0x00000281ef503550
Event: 3.501 Thread 0x0000028192bfa970 Thread added: 0x00000281ef502ec0
Event: 3.501 Thread 0x0000028192bfa970 Thread added: 0x00000281ef503be0
Event: 3.501 Thread 0x0000028192bfa970 Thread added: 0x00000281ef502830
Event: 3.501 Thread 0x0000028192bfa970 Thread added: 0x00000281ef504270
Event: 3.501 Thread 0x0000028192bfa970 Thread added: 0x00000281ef504900
Event: 3.501 Thread 0x0000028192bfa970 Thread added: 0x00000281ef504f90
Event: 3.501 Thread 0x0000028192bfa970 Thread added: 0x00000281f186aca0
Event: 3.523 Thread 0x0000028192bfa970 Thread added: 0x00000281f186b330
Event: 3.661 Thread 0x0000028192bfa970 Thread added: 0x00000281f186c6e0
Event: 3.661 Thread 0x0000028192bfa970 Thread added: 0x00000281f1869f80
Event: 4.052 Thread 0x00000281ef4fe000 Thread added: 0x00000281f186cd70


Dynamic libraries:
0x00007ff6a4ed0000 - 0x00007ff6a4ede000 	c:\Users\Subhava Ojha\.vscode\extensions\redhat.java-1.40.0-win32-x64\jre\21.0.6-win32-x86_64\bin\java.exe
0x00007ff8ad8c0000 - 0x00007ff8adb23000 	C:\WINDOWS\SYSTEM32\ntdll.dll
0x00007ff8ac330000 - 0x00007ff8ac3f7000 	C:\WINDOWS\System32\KERNEL32.DLL
0x00007ff8aad90000 - 0x00007ff8ab157000 	C:\WINDOWS\System32\KERNELBASE.dll
0x00007ff8ab350000 - 0x00007ff8ab49c000 	C:\WINDOWS\System32\ucrtbase.dll
0x00007ff87a9f0000 - 0x00007ff87aa08000 	c:\Users\Subhava Ojha\.vscode\extensions\redhat.java-1.40.0-win32-x64\jre\21.0.6-win32-x86_64\bin\jli.dll
0x00007ff8786e0000 - 0x00007ff8786fe000 	c:\Users\Subhava Ojha\.vscode\extensions\redhat.java-1.40.0-win32-x64\jre\21.0.6-win32-x86_64\bin\VCRUNTIME140.dll
0x00007ff8ad390000 - 0x00007ff8ad559000 	C:\WINDOWS\System32\USER32.dll
0x00007ff8a9ed0000 - 0x00007ff8aa160000 	C:\WINDOWS\WinSxS\amd64_microsoft.windows.common-controls_6595b64144ccf1df_6.0.26100.3037_none_3e09262ce333c378\COMCTL32.dll
0x00007ff8ab4a0000 - 0x00007ff8ab4c7000 	C:\WINDOWS\System32\win32u.dll
0x00007ff8aca00000 - 0x00007ff8aca2a000 	C:\WINDOWS\System32\GDI32.dll
0x00007ff8ad560000 - 0x00007ff8ad609000 	C:\WINDOWS\System32\msvcrt.dll
0x00007ff8ab220000 - 0x00007ff8ab34b000 	C:\WINDOWS\System32\gdi32full.dll
0x00007ff8ab650000 - 0x00007ff8ab6f3000 	C:\WINDOWS\System32\msvcp_win.dll
0x00007ff8ab7b0000 - 0x00007ff8ab7df000 	C:\WINDOWS\System32\IMM32.DLL
0x00007ff886c10000 - 0x00007ff886c1c000 	c:\Users\Subhava Ojha\.vscode\extensions\redhat.java-1.40.0-win32-x64\jre\21.0.6-win32-x86_64\bin\vcruntime140_1.dll
0x00007ff862fc0000 - 0x00007ff86304d000 	c:\Users\Subhava Ojha\.vscode\extensions\redhat.java-1.40.0-win32-x64\jre\21.0.6-win32-x86_64\bin\msvcp140.dll
0x00007ff800af0000 - 0x00007ff801880000 	c:\Users\Subhava Ojha\.vscode\extensions\redhat.java-1.40.0-win32-x64\jre\21.0.6-win32-x86_64\bin\server\jvm.dll
0x00007ff8ac270000 - 0x00007ff8ac324000 	C:\WINDOWS\System32\ADVAPI32.dll
0x00007ff8ac790000 - 0x00007ff8ac836000 	C:\WINDOWS\System32\sechost.dll
0x00007ff8ac050000 - 0x00007ff8ac166000 	C:\WINDOWS\System32\RPCRT4.dll
0x00007ff8ad310000 - 0x00007ff8ad384000 	C:\WINDOWS\System32\WS2_32.dll
0x00007ff8aa4d0000 - 0x00007ff8aa51e000 	C:\WINDOWS\SYSTEM32\POWRPROF.dll
0x00007ff8a2e50000 - 0x00007ff8a2e5b000 	C:\WINDOWS\SYSTEM32\VERSION.dll
0x00007ff8a2780000 - 0x00007ff8a27b6000 	C:\WINDOWS\SYSTEM32\WINMM.dll
0x00007ff8aa370000 - 0x00007ff8aa384000 	C:\WINDOWS\SYSTEM32\UMPDC.dll
0x00007ff8a91d0000 - 0x00007ff8a91ea000 	C:\WINDOWS\SYSTEM32\kernel.appcore.dll
0x00007ff880190000 - 0x00007ff88019a000 	c:\Users\Subhava Ojha\.vscode\extensions\redhat.java-1.40.0-win32-x64\jre\21.0.6-win32-x86_64\bin\jimage.dll
0x00007ff8aa550000 - 0x00007ff8aa791000 	C:\WINDOWS\SYSTEM32\DBGHELP.DLL
0x00007ff8ac400000 - 0x00007ff8ac77e000 	C:\WINDOWS\System32\combase.dll
0x00007ff8ac8a0000 - 0x00007ff8ac976000 	C:\WINDOWS\System32\OLEAUT32.dll
0x00007ff862ef0000 - 0x00007ff862f29000 	C:\WINDOWS\SYSTEM32\dbgcore.DLL
0x00007ff8aac60000 - 0x00007ff8aacf9000 	C:\WINDOWS\System32\bcryptPrimitives.dll
0x00007ff87efd0000 - 0x00007ff87efdf000 	c:\Users\Subhava Ojha\.vscode\extensions\redhat.java-1.40.0-win32-x64\jre\21.0.6-win32-x86_64\bin\instrument.dll
0x00007ff8761f0000 - 0x00007ff87620f000 	c:\Users\Subhava Ojha\.vscode\extensions\redhat.java-1.40.0-win32-x64\jre\21.0.6-win32-x86_64\bin\java.dll
0x00007ff8acc00000 - 0x00007ff8ad304000 	C:\WINDOWS\System32\SHELL32.dll
0x00007ff8a8060000 - 0x00007ff8a8897000 	C:\WINDOWS\SYSTEM32\windows.storage.dll
0x00007ff8abc80000 - 0x00007ff8abd69000 	C:\WINDOWS\System32\SHCORE.dll
0x00007ff8ab750000 - 0x00007ff8ab7ad000 	C:\WINDOWS\System32\shlwapi.dll
0x00007ff8aab70000 - 0x00007ff8aab9e000 	C:\WINDOWS\SYSTEM32\profapi.dll
0x00007ff872b70000 - 0x00007ff872b88000 	c:\Users\Subhava Ojha\.vscode\extensions\redhat.java-1.40.0-win32-x64\jre\21.0.6-win32-x86_64\bin\zip.dll
0x00007ff87ecc0000 - 0x00007ff87ecd0000 	C:\Users\Subhava Ojha\.vscode\extensions\redhat.java-1.40.0-win32-x64\jre\21.0.6-win32-x86_64\bin\net.dll
0x00007ff8a3710000 - 0x00007ff8a382e000 	C:\WINDOWS\SYSTEM32\WINHTTP.dll
0x00007ff8a9740000 - 0x00007ff8a97aa000 	C:\WINDOWS\system32\mswsock.dll
0x00007ff873280000 - 0x00007ff873296000 	C:\Users\Subhava Ojha\.vscode\extensions\redhat.java-1.40.0-win32-x64\jre\21.0.6-win32-x86_64\bin\nio.dll
0x00007ff87e470000 - 0x00007ff87e480000 	c:\Users\Subhava Ojha\.vscode\extensions\redhat.java-1.40.0-win32-x64\jre\21.0.6-win32-x86_64\bin\verify.dll
0x00007ff864810000 - 0x00007ff864855000 	C:\Users\Subhava Ojha\AppData\Roaming\Code\User\globalStorage\redhat.java\1.40.0\config_win\org.eclipse.equinox.launcher\org.eclipse.equinox.launcher.win32.win32.x86_64_1.2.1200.v20250212-0927\eclipse_11909.dll
0x00007ff8ad640000 - 0x00007ff8ad7d5000 	C:\WINDOWS\System32\ole32.dll
0x00007ff8aa8a0000 - 0x00007ff8aa8bc000 	C:\WINDOWS\SYSTEM32\CRYPTSP.dll
0x00007ff8a9310000 - 0x00007ff8a9348000 	C:\WINDOWS\system32\rsaenh.dll
0x00007ff8a9960000 - 0x00007ff8a998b000 	C:\WINDOWS\SYSTEM32\USERENV.dll
0x00007ff8aa3d0000 - 0x00007ff8aa3f6000 	C:\WINDOWS\SYSTEM32\bcrypt.dll
0x00007ff8a9c70000 - 0x00007ff8a9c7c000 	C:\WINDOWS\SYSTEM32\CRYPTBASE.dll
0x00007ff8a8c60000 - 0x00007ff8a8c92000 	C:\WINDOWS\SYSTEM32\IPHLPAPI.DLL
0x00007ff8ad870000 - 0x00007ff8ad87a000 	C:\WINDOWS\System32\NSI.dll
0x00007ff862b80000 - 0x00007ff862bc9000 	C:\Users\Subhava Ojha\AppData\Local\Temp\jna--1326936240\jna6322858817152922817.dll
0x00007ff8ad610000 - 0x00007ff8ad618000 	C:\WINDOWS\System32\PSAPI.DLL
0x00007ff8a4a20000 - 0x00007ff8a4a3f000 	C:\WINDOWS\SYSTEM32\dhcpcsvc6.DLL
0x00007ff8a49f0000 - 0x00007ff8a4a15000 	C:\WINDOWS\SYSTEM32\dhcpcsvc.DLL

dbghelp: loaded successfully - version: 4.0.5 - missing functions: none
symbol engine: initialized successfully - sym options: 0x614 - pdb path: .;c:\Users\Subhava Ojha\.vscode\extensions\redhat.java-1.40.0-win32-x64\jre\21.0.6-win32-x86_64\bin;C:\WINDOWS\SYSTEM32;C:\WINDOWS\WinSxS\amd64_microsoft.windows.common-controls_6595b64144ccf1df_6.0.26100.3037_none_3e09262ce333c378;c:\Users\Subhava Ojha\.vscode\extensions\redhat.java-1.40.0-win32-x64\jre\21.0.6-win32-x86_64\bin\server;C:\Users\Subhava Ojha\AppData\Roaming\Code\User\globalStorage\redhat.java\1.40.0\config_win\org.eclipse.equinox.launcher\org.eclipse.equinox.launcher.win32.win32.x86_64_1.2.1200.v20250212-0927;C:\Users\Subhava Ojha\AppData\Local\Temp\jna--1326936240

VM Arguments:
jvm_args: --add-modules=ALL-SYSTEM --add-opens=java.base/java.util=ALL-UNNAMED --add-opens=java.base/java.lang=ALL-UNNAMED --add-opens=java.base/sun.nio.fs=ALL-UNNAMED -Declipse.application=org.eclipse.jdt.ls.core.id1 -Dosgi.bundles.defaultStartLevel=4 -Declipse.product=org.eclipse.jdt.ls.core.product -Djava.import.generatesMetadataFilesAtProjectRoot=false -DDetectVMInstallationsJob.disabled=true -Dfile.encoding=utf8 -XX:+UseParallelGC -XX:GCTimeRatio=4 -XX:AdaptiveSizePolicyWeight=90 -Dsun.zip.disableMemoryMapping=true -Xmx1G -Xms100m -Xlog:disable -javaagent:c:\Users\Subhava Ojha\.vscode\extensions\redhat.java-1.40.0-win32-x64\lombok\lombok-1.18.36.jar -XX:+HeapDumpOnOutOfMemoryError -XX:HeapDumpPath=c:\Users\Subhava Ojha\AppData\Roaming\Code\User\workspaceStorage\3e79f674797deebcb5f66463768f23eb\redhat.java -Daether.dependencyCollector.impl=bf 
java_command: c:\Users\Subhava Ojha\.vscode\extensions\redhat.java-1.40.0-win32-x64\server\plugins\org.eclipse.equinox.launcher_1.6.1000.v20250131-0606.jar -configuration c:\Users\Subhava Ojha\AppData\Roaming\Code\User\globalStorage\redhat.java\1.40.0\config_win -data c:\Users\Subhava Ojha\AppData\Roaming\Code\User\workspaceStorage\3e79f674797deebcb5f66463768f23eb\redhat.java\jdt_ws --pipe=\\.\pipe\lsp-27c25c3b5416035db573ac422130a011-sock
java_class_path (initial): c:\Users\Subhava Ojha\.vscode\extensions\redhat.java-1.40.0-win32-x64\server\plugins\org.eclipse.equinox.launcher_1.6.1000.v20250131-0606.jar
Launcher Type: SUN_STANDARD

[Global flags]
    uintx AdaptiveSizePolicyWeight                 = 90                                        {product} {command line}
     intx CICompilerCount                          = 4                                         {product} {ergonomic}
    uintx GCTimeRatio                              = 4                                         {product} {command line}
     bool HeapDumpOnOutOfMemoryError               = true                                   {manageable} {command line}
    ccstr HeapDumpPath                             = c:\Users\Subhava Ojha\AppData\Roaming\Code\User\workspaceStorage\3e79f674797deebcb5f66463768f23eb\redhat.java         {manageable} {command line}
   size_t InitialHeapSize                          = 104857600                                 {product} {command line}
   size_t MaxHeapSize                              = 1073741824                                {product} {command line}
   size_t MaxNewSize                               = 357564416                                 {product} {ergonomic}
   size_t MinHeapDeltaBytes                        = 524288                                    {product} {ergonomic}
   size_t MinHeapSize                              = 104857600                                 {product} {command line}
   size_t NewSize                                  = 34603008                                  {product} {ergonomic}
    uintx NonNMethodCodeHeapSize                   = 5839372                                {pd product} {ergonomic}
    uintx NonProfiledCodeHeapSize                  = 122909434                              {pd product} {ergonomic}
   size_t OldSize                                  = 70254592                                  {product} {ergonomic}
    uintx ProfiledCodeHeapSize                     = 122909434                              {pd product} {ergonomic}
    uintx ReservedCodeCacheSize                    = 251658240                              {pd product} {ergonomic}
     bool SegmentedCodeCache                       = true                                      {product} {ergonomic}
   size_t SoftMaxHeapSize                          = 1073741824                             {manageable} {ergonomic}
     bool UseCompressedOops                        = true                           {product lp64_product} {ergonomic}
     bool UseLargePagesIndividualAllocation        = false                                  {pd product} {ergonomic}
     bool UseParallelGC                            = true                                      {product} {command line}

Logging:
Log output configuration:
 #0: stdout all=off uptime,level,tags foldmultilines=false
 #1: stderr all=off uptime,level,tags foldmultilines=false

Environment Variables:
PATH=C:\Program Files\Common Files\Oracle\Java\javapath;C:\Windows\system32;C:\Windows;C:\Windows\System32\Wbem;C:\Windows\System32\WindowsPowerShell\v1.0\;C:\Windows\System32\OpenSSH\;C:\Program Files (x86)\NVIDIA Corporation\PhysX\Common;C:\Program Files\NVIDIA Corporation\NVIDIA NvDLISR;C:\Android\sdk\platforms;C:\Android\sdk\platform-tools;C:\Program Files\Git\cmd;C:\WINDOWS\system32;C:\WINDOWS;C:\WINDOWS\System32\Wbem;C:\WINDOWS\System32\WindowsPowerShell\v1.0\;C:\WINDOWS\System32\OpenSSH\;C:\Users\Subhava Ojha\AppData\Local\Microsoft\WindowsApps;C:\Users\Subhava Ojha\AppData\Local\Programs\Microsoft VS Code\bin;C:\FlutterDev\sdk\flutter\bin;
USERNAME=Subhava Ojha
OS=Windows_NT
PROCESSOR_IDENTIFIER=AMD64 Family 25 Model 80 Stepping 0, AuthenticAMD
TMP=C:\Users\SUBHAV~1\AppData\Local\Temp
TEMP=C:\Users\SUBHAV~1\AppData\Local\Temp




Periodic native trim disabled

---------------  S Y S T E M  ---------------

OS:
 Windows 11 , 64 bit Build 26100 (10.0.26100.3037)
OS uptime: 3 days 15:57 hours
Hyper-V role detected

CPU: total 12 (initial active 12) (12 cores per cpu, 2 threads per core) family 25 model 80 stepping 0 microcode 0xa50000d, cx8, cmov, fxsr, ht, mmx, 3dnowpref, sse, sse2, sse3, ssse3, sse4a, sse4.1, sse4.2, popcnt, lzcnt, tsc, tscinvbit, avx, avx2, aes, erms, clmul, bmi1, bmi2, adx, sha, fma, vzeroupper, clflush, clflushopt, hv, rdtscp, rdpid, fsrm, f16c, cet_ss
Processor Information for processor 0
  Max Mhz: 3301, Current Mhz: 1805, Mhz Limit: 3301
Processor Information for processor 1
  Max Mhz: 3301, Current Mhz: 1805, Mhz Limit: 3301
Processor Information for processor 2
  Max Mhz: 3301, Current Mhz: 3301, Mhz Limit: 3301
Processor Information for processor 3
  Max Mhz: 3301, Current Mhz: 1805, Mhz Limit: 3301
Processor Information for processor 4
  Max Mhz: 3301, Current Mhz: 3301, Mhz Limit: 3301
Processor Information for processor 5
  Max Mhz: 3301, Current Mhz: 1805, Mhz Limit: 3301
Processor Information for processor 6
  Max Mhz: 3301, Current Mhz: 3301, Mhz Limit: 3301
Processor Information for processor 7
  Max Mhz: 3301, Current Mhz: 1805, Mhz Limit: 3301
Processor Information for processor 8
  Max Mhz: 3301, Current Mhz: 3301, Mhz Limit: 3301
Processor Information for processor 9
  Max Mhz: 3301, Current Mhz: 1805, Mhz Limit: 3301
Processor Information for processor 10
  Max Mhz: 3301, Current Mhz: 3301, Mhz Limit: 3301
Processor Information for processor 11
  Max Mhz: 3301, Current Mhz: 1805, Mhz Limit: 3301

Memory: 4k page, system-wide physical 15773M (566M free)
TotalPageFile size 17821M (AvailPageFile size 6M)
current process WorkingSet (physical memory assigned to process): 238M, peak: 238M
current process commit charge ("private bytes"): 331M, peak: 332M

vm_info: OpenJDK 64-Bit Server VM (21.0.6+7-LTS) for windows-amd64 JRE (21.0.6+7-LTS), built on 2025-01-21T00:00:00Z by "admin" with MS VC++ 17.7 (VS2022)

END.
